Oct 25 20:35 : ffmpeg/mp3: Estimating duration from bitrate, this may be inaccurate
Oct 25 20:35 : update: added /WhatsApp Audio 2021-09-28 at 7.50.07 PM.mpeg
Oct 25 20:35 : ffmpeg/mp3: Estimating duration from bitrate, this may be inaccurate
Oct 25 20:35 : update: added /WhatsApp Audio 2021-09-28 at 7.51.16 PM.mpeg
Oct 25 20:35 : update: added /The Winner Takes It All.mp3
Oct 25 20:35 : update: added 10 - Cativo.zip/10 - Cativo.mp3
Oct 25 20:35 : update: added /10 - Cativo.mp3
Note: Illegal Audio-MPEG-Header 0x00000000 at offset 161.
Note: Trying to resync...
Note: Hit end of (available) data during resync.
Oct 25 20:35 : mpg123: mpg123_getformat() failed: Message: I am done with this track.
Oct 25 20:35 : ffmpeg/mp3: Format mp3 detected only with low score of 1, misdetection possible!
Oct 25 20:35 : ffmpeg/mp3: Failed to read frame size: Could not seek to 1151.
Oct 25 20:35 : update: added meme/éhoradoshow.mp3
Oct 25 20:35 : update: added meme/AudiosMEME/500R$seuBCT.mp3
Oct 25 20:35 : update: added meme/AudiosMEME/AcertoDual.mp3
Oct 25 20:35 : update: added meme/AudiosMEME/AcertoMZREVI.mp3
Oct 25 20:35 : update: added meme/AudiosMEME/akiéborebilder.mp3
Oct 25 20:35 : update: added meme/AudiosMEME/Allahu Trapbar  Arabic  Trap  Beat.mp3
Oct 25 20:35 : update: added meme/AudiosMEME/arvore.mp3
Oct 25 20:35 : update: added meme/AudiosMEME/Banban1.mp3
Oct 25 20:35 : update: added meme/AudiosMEME/banbanfdpsai.mp3
Oct 25 20:35 : update: added meme/AudiosMEME/Complico.mp3
Oct 25 20:35 : update: added meme/AudiosMEME/céobixãomsm.mp3
Oct 25 20:35 : update: added meme/AudiosMEME/EITAAPORRAAA.mp3
Oct 25 20:35 : update: added meme/AudiosMEME/emorreu.mp3
Oct 25 20:35 : update: added meme/AudiosMEME/erroouuu.mp3
Oct 25 20:35 : update: added meme/AudiosMEME/FunkdoSIlvio.mp3
Oct 25 20:35 : update: added meme/AudiosMEME/MorreDiabo.mp3
Oct 25 20:35 : update: added meme/AudiosMEME/naoIntereçablmMEU.mp3
Oct 25 20:35 : update: added meme/AudiosMEME/NDAAVERIRMAO.mp3
Oct 25 20:35 : update: added meme/AudiosMEME/q onda é essa meu irmao.mp3
Oct 25 20:35 : update: added meme/AudiosMEME/QMerda.mp3
Oct 25 20:35 : update: added meme/AudiosMEME/soufoda.mp3
Oct 25 20:35 : update: added meme/AudiosMEME/SUSPEITO.mp3
Oct 25 20:35 : update: added meme/AudiosMEME/ta saindo da jaula.mp3
Oct 25 20:35 : update: added meme/AudiosMEME/trollei.mp3
Oct 25 20:35 : update: added meme/AudiosMEME/vai da n.mp3
Oct 25 20:35 : update: added meme/AudiosMEME/WHTFUCK!!.mp3
Oct 25 20:35 : update: added meme/AudiosMEME/Yoda EOQ.mp3
Oct 25 20:35 : update: added meme/AudiosMEME/Yoda Vamu Clan.mp3
Oct 25 20:35 : update: added meme/AudiosMEME/Yoda.mp3
Oct 25 20:35 : update: added meme/AudiosMEME/é37krl.mp3
Oct 25 20:35 : update: added meme/AudiosMEME/éhoradoshow.mp3
Oct 25 20:35 : update: added meme/AudiosMEME/ÉTRETA.mp3
Oct 25 20:35 : update: added meme/slam2/asoutrabixa q Morraaa.mp3
Oct 25 20:35 : update: added meme/slam2/chapolimTacatacatá.mp3
Oct 25 20:35 : update: added meme/slam2/chuck_norris1.mp3
Oct 25 20:35 : update: added meme/slam2/COMPpKCT.mp3
Oct 25 20:35 : update: added meme/slam2/Conta tudo pra sua mae kiko.mp3
Oct 25 20:35 : update: added meme/slam2/creu.mp3
Oct 25 20:35 : update: added meme/slam2/essaOndaFoiForte.mp3
Oct 25 20:35 : update: added meme/slam2/eu to achando muito PREG.mp3
Oct 25 20:35 : update: added meme/slam2/FilmedoPeLéChaves.mp3
Oct 25 20:35 : update: added meme/slam2/HastaLOL1.mp3
Oct 25 20:35 : update: added meme/slam2/HastaLOL2.mp3
Oct 25 20:35 : update: added meme/slam2/LoteriaMadruga.mp3
Oct 25 20:35 : update: added meme/slam2/N A O ~ NAO.mp3
Oct 25 20:35 : update: added meme/slam2/nao consegue né.mp3
Oct 25 20:35 : update: added meme/slam2/NAOSEI!!!!.mp3
Oct 25 20:35 : update: added meme/slam2/niguem quer calaboracomigo.mp3
Oct 25 20:35 : update: added meme/slam2/play.mp3
Oct 25 20:35 : update: added meme/slam2/smb3_1-up.mp3
Oct 25 20:35 : update: added meme/slam2/smb3_powerdown.mp3
Oct 25 20:35 : update: added meme/slam2/smb3_powerup.mp3
Oct 25 20:35 : update: added meme/slam2/smb_warning2.mp3
Oct 25 20:35 : update: added meme/slam2/usarameaborão.mp3
Oct 25 20:35 : update: added meme/slam2/VamuskikoN.mp3
Oct 25 20:35 : update: added meme/slam2/vc Canrta Dança.mp3
Oct 25 20:38 : config: option 'device' on line 372 was not recognized
Oct 25 20:38 : mixer: Failed to read mixer for 'My ALSA Device': no such mixer control: PCM
Oct 25 20:41 : config: option 'device' on line 372 was not recognized
Oct 25 20:41 : config: option 'device' on line 372 was not recognized
Oct 25 20:42 : exception: Failed to commit /home/luizcorreia/.config/mpd/mpdstate: File exists
Oct 25 20:42 : config: option 'device' on line 372 was not recognized
Oct 25 20:42 : mixer: Failed to read mixer for 'My ALSA Device': no such mixer control: PCM
Oct 25 20:42 : exception: Not playing
Note: Illegal Audio-MPEG-Header 0x00000000 at offset 161.
Note: Trying to resync...
Note: Hit end of (available) data during resync.
Oct 25 20:43 : mpg123: mpg123_getformat() failed: Message: I am done with this track.
Oct 25 20:43 : ffmpeg/mp3: Format mp3 detected only with low score of 1, misdetection possible!
Oct 25 20:43 : ffmpeg/mp3: Failed to read frame size: Could not seek to 1151.
Oct 25 20:45 : config: option 'device' on line 380 was not recognized
Note: Illegal Audio-MPEG-Header 0x00000000 at offset 161.
Note: Trying to resync...
Note: Hit end of (available) data during resync.
Oct 25 20:46 : mpg123: mpg123_getformat() failed: Message: I am done with this track.
Oct 25 20:46 : ffmpeg/mp3: Format mp3 detected only with low score of 1, misdetection possible!
Oct 25 20:46 : ffmpeg/mp3: Failed to read frame size: Could not seek to 1151.
Oct 25 20:46 : server_socket: bind to '0.0.0.0:8001' failed (continuing anyway, because binding to '[::]:8001' succeeded): Failed to bind socket: Address already in use
Cannot connect to server socket err = No such file or directory
Cannot connect to server request channel
jack server is not running or cannot be started
JackShmReadWritePtr::~JackShmReadWritePtr - Init not done for -1, skipping unlock
JackShmReadWritePtr::~JackShmReadWritePtr - Init not done for -1, skipping unlock
Oct 25 20:46 : exception: Failed to open "My ALSA Device" (alsa); Failed to open ALSA device "default": No such file or directory
Oct 25 20:46 : player: played "meme/slam2/essaOndaFoiForte.mp3"
Cannot connect to server socket err = No such file or directory
Cannot connect to server request channel
jack server is not running or cannot be started
JackShmReadWritePtr::~JackShmReadWritePtr - Init not done for -1, skipping unlock
JackShmReadWritePtr::~JackShmReadWritePtr - Init not done for -1, skipping unlock
Oct 25 20:46 : exception: Failed to open "My ALSA Device" (alsa); Failed to open ALSA device "default": No such file or directory
Oct 25 20:46 : player: played "meme/AudiosMEME/AcertoDual.mp3"
Cannot connect to server socket err = No such file or directory
Cannot connect to server request channel
jack server is not running or cannot be started
JackShmReadWritePtr::~JackShmReadWritePtr - Init not done for -1, skipping unlock
JackShmReadWritePtr::~JackShmReadWritePtr - Init not done for -1, skipping unlock
Oct 25 20:46 : exception: Failed to open "My ALSA Device" (alsa); Failed to open ALSA device "default": No such file or directory
Oct 25 20:46 : player: played "meme/slam2/smb3_powerdown.mp3"
Cannot connect to server socket err = No such file or directory
Cannot connect to server request channel
jack server is not running or cannot be started
JackShmReadWritePtr::~JackShmReadWritePtr - Init not done for -1, skipping unlock
JackShmReadWritePtr::~JackShmReadWritePtr - Init not done for -1, skipping unlock
Oct 25 20:46 : exception: Failed to open "My ALSA Device" (alsa); Failed to open ALSA device "default": No such file or directory
Oct 25 20:46 : player: played "meme/AudiosMEME/MorreDiabo.mp3"
Cannot connect to server socket err = No such file or directory
Cannot connect to server request channel
jack server is not running or cannot be started
JackShmReadWritePtr::~JackShmReadWritePtr - Init not done for -1, skipping unlock
JackShmReadWritePtr::~JackShmReadWritePtr - Init not done for -1, skipping unlock
Oct 25 20:46 : exception: Failed to open "My ALSA Device" (alsa); Failed to open ALSA device "default": No such file or directory
Oct 25 20:47 : player: played "10 - Cativo.zip/10 - Cativo.mp3"
Cannot connect to server socket err = No such file or directory
Cannot connect to server request channel
jack server is not running or cannot be started
JackShmReadWritePtr::~JackShmReadWritePtr - Init not done for -1, skipping unlock
JackShmReadWritePtr::~JackShmReadWritePtr - Init not done for -1, skipping unlock
Oct 25 20:47 : exception: Failed to open "My ALSA Device" (alsa); Failed to open ALSA device "default": No such file or directory
Oct 25 20:47 : player: played "meme/slam2/Conta tudo pra sua mae kiko.mp3"
Cannot connect to server socket err = No such file or directory
Cannot connect to server request channel
jack server is not running or cannot be started
JackShmReadWritePtr::~JackShmReadWritePtr - Init not done for -1, skipping unlock
JackShmReadWritePtr::~JackShmReadWritePtr - Init not done for -1, skipping unlock
Oct 25 20:47 : exception: Failed to open "My ALSA Device" (alsa); Failed to open ALSA device "default": No such file or directory
Oct 25 20:47 : player: played "meme/AudiosMEME/vai da n.mp3"
Cannot connect to server socket err = No such file or directory
Cannot connect to server request channel
jack server is not running or cannot be started
JackShmReadWritePtr::~JackShmReadWritePtr - Init not done for -1, skipping unlock
JackShmReadWritePtr::~JackShmReadWritePtr - Init not done for -1, skipping unlock
Oct 25 20:47 : exception: Failed to open "My ALSA Device" (alsa); Failed to open ALSA device "default": No such file or directory
Oct 25 20:47 : player: played "meme/AudiosMEME/vai da n.mp3"
Cannot connect to server socket err = No such file or directory
Cannot connect to server request channel
jack server is not running or cannot be started
JackShmReadWritePtr::~JackShmReadWritePtr - Init not done for -1, skipping unlock
JackShmReadWritePtr::~JackShmReadWritePtr - Init not done for -1, skipping unlock
Oct 25 20:47 : exception: Failed to open "My ALSA Device" (alsa); Failed to open ALSA device "default": No such file or directory
Oct 25 20:48 : player: played "meme/slam2/vc Canrta Dança.mp3"
Cannot connect to server socket err = No such file or directory
Cannot connect to server request channel
jack server is not running or cannot be started
JackShmReadWritePtr::~JackShmReadWritePtr - Init not done for -1, skipping unlock
JackShmReadWritePtr::~JackShmReadWritePtr - Init not done for -1, skipping unlock
Oct 25 20:48 : exception: Failed to open "My ALSA Device" (alsa); Failed to open ALSA device "default": No such file or directory
Oct 25 20:48 : player: played "meme/AudiosMEME/naoIntereçablmMEU.mp3"
Cannot connect to server socket err = No such file or directory
Cannot connect to server request channel
jack server is not running or cannot be started
JackShmReadWritePtr::~JackShmReadWritePtr - Init not done for -1, skipping unlock
JackShmReadWritePtr::~JackShmReadWritePtr - Init not done for -1, skipping unlock
Oct 25 20:48 : exception: Failed to open "My ALSA Device" (alsa); Failed to open ALSA device "default": No such file or directory
Oct 25 20:48 : player: played "meme/AudiosMEME/QMerda.mp3"
Cannot connect to server socket err = No such file or directory
Cannot connect to server request channel
jack server is not running or cannot be started
JackShmReadWritePtr::~JackShmReadWritePtr - Init not done for -1, skipping unlock
JackShmReadWritePtr::~JackShmReadWritePtr - Init not done for -1, skipping unlock
Oct 25 20:48 : exception: Failed to open "My ALSA Device" (alsa); Failed to open ALSA device "default": No such file or directory
Oct 25 20:48 : player: played "meme/AudiosMEME/Yoda EOQ.mp3"
Cannot connect to server socket err = No such file or directory
Cannot connect to server request channel
jack server is not running or cannot be started
JackShmReadWritePtr::~JackShmReadWritePtr - Init not done for -1, skipping unlock
JackShmReadWritePtr::~JackShmReadWritePtr - Init not done for -1, skipping unlock
Oct 25 20:48 : exception: Failed to open "My ALSA Device" (alsa); Failed to open ALSA device "default": No such file or directory
Oct 25 20:48 : player: played "meme/AudiosMEME/arvore.mp3"
Cannot connect to server socket err = No such file or directory
Cannot connect to server request channel
jack server is not running or cannot be started
JackShmReadWritePtr::~JackShmReadWritePtr - Init not done for -1, skipping unlock
JackShmReadWritePtr::~JackShmReadWritePtr - Init not done for -1, skipping unlock
Oct 25 20:48 : exception: Failed to open "My ALSA Device" (alsa); Failed to open ALSA device "default": No such file or directory
Oct 25 20:48 : player: played "meme/slam2/usarameaborão.mp3"
Cannot connect to server socket err = No such file or directory
Cannot connect to server request channel
jack server is not running or cannot be started
JackShmReadWritePtr::~JackShmReadWritePtr - Init not done for -1, skipping unlock
JackShmReadWritePtr::~JackShmReadWritePtr - Init not done for -1, skipping unlock
Oct 25 20:48 : exception: Failed to open "My ALSA Device" (alsa); Failed to open ALSA device "default": No such file or directory
Oct 25 20:48 : player: played "meme/AudiosMEME/erroouuu.mp3"
Cannot connect to server socket err = No such file or directory
Cannot connect to server request channel
jack server is not running or cannot be started
JackShmReadWritePtr::~JackShmReadWritePtr - Init not done for -1, skipping unlock
JackShmReadWritePtr::~JackShmReadWritePtr - Init not done for -1, skipping unlock
Oct 25 20:48 : exception: Failed to open "My ALSA Device" (alsa); Failed to open ALSA device "default": No such file or directory
Oct 25 20:48 : ffmpeg/mp3: Estimating duration from bitrate, this may be inaccurate
Oct 25 20:48 : player: played "meme/slam2/smb3_powerup.mp3"
Cannot connect to server socket err = No such file or directory
Cannot connect to server request channel
jack server is not running or cannot be started
JackShmReadWritePtr::~JackShmReadWritePtr - Init not done for -1, skipping unlock
JackShmReadWritePtr::~JackShmReadWritePtr - Init not done for -1, skipping unlock
Oct 25 20:48 : exception: Failed to open "My ALSA Device" (alsa); Failed to open ALSA device "default": No such file or directory
